# JRE version: Java(TM) SE Runtime Environment (8.0_201-b09) (build 1.8.0_201-b09)
# Java VM: Java HotSpot(TM) 64-Bit Server VM (25.201-b09 mixed mode windows-amd64 compressed oops)
Heap:
 PSYoungGen      total 24576K, used 20388K [0x00000000d6200000, 0x00000000d7b00000, 0x0000000100000000)
  eden space 24064K, 82% used [0x00000000d6200000,0x00000000d75711e0,0x00000000d7980000)
  from space 512K, 93% used [0x00000000d7a00000,0x00000000d7a78000,0x00000000d7a80000)
  to   space 512K, 0% used [0x00000000d7a80000,0x00000000d7a80000,0x00000000d7b00000)
 ParOldGen       total 86016K, used 33061K [0x0000000082600000, 0x0000000087a00000, 0x00000000d6200000)
  object space 86016K, 38% used [0x0000000082600000,0x0000000084649630,0x0000000087a00000)
 Metaspace       used 7342K, capacity 7443K, committed 7680K, reserved 1056768K
  class space    used 690K, capacity 720K, committed 768K, reserved 1048576K
GC Heap History (10 events):
Event: 192.945 GC heap before
{Heap before GC invocations=175 (full 0):
 PSYoungGen      total 24576K, used 24416K [0x00000000d6200000, 0x00000000d7b00000, 0x0000000100000000)
  eden space 24064K, 100% used [0x00000000d6200000,0x00000000d7980000,0x00000000d7980000)
  from space 512K, 68% used [0x00000000d7a80000,0x00000000d7ad8000,0x00000000d7b00000)
  to   space 512K, 0% used [0x00000000d7a00000,0x00000000d7a00000,0x00000000d7a80000)
 ParOldGen       total 86016K, used 32245K [0x0000000082600000, 0x0000000087a00000, 0x00000000d6200000)
  object space 86016K, 37% used [0x0000000082600000,0x000000008457d630,0x0000000087a00000)
 Metaspace       used 7342K, capacity 7443K, committed 7680K, reserved 1056768K
  class space    used 690K, capacity 720K, committed 768K, reserved 1048576K
Event: 192.946 GC heap after
Heap after GC invocations=175 (full 0):
 PSYoungGen      total 24576K, used 416K [0x00000000d6200000, 0x00000000d7b00000, 0x0000000100000000)
  eden space 24064K, 0% used [0x00000000d6200000,0x00000000d6200000,0x00000000d7980000)
  from space 512K, 81% used [0x00000000d7a00000,0x00000000d7a68000,0x00000000d7a80000)
  to   space 512K, 0% used [0x00000000d7a80000,0x00000000d7a80000,0x00000000d7b00000)
 ParOldGen       total 86016K, used 32413K [0x0000000082600000, 0x0000000087a00000, 0x00000000d6200000)
  object space 86016K, 37% used [0x0000000082600000,0x00000000845a7630,0x0000000087a00000)
 Metaspace       used 7342K, capacity 7443K, committed 7680K, reserved 1056768K
  class space    used 690K, capacity 720K, committed 768K, reserved 1048576K
}
Event: 193.734 GC heap before
{Heap before GC invocations=176 (full 0):
 PSYoungGen      total 24576K, used 24480K [0x00000000d6200000, 0x00000000d7b00000, 0x0000000100000000)
  eden space 24064K, 100% used [0x00000000d6200000,0x00000000d7980000,0x00000000d7980000)
  from space 512K, 81% used [0x00000000d7a00000,0x00000000d7a68000,0x00000000d7a80000)
  to   space 512K, 0% used [0x00000000d7a80000,0x00000000d7a80000,0x00000000d7b00000)
 ParOldGen       total 86016K, used 32413K [0x0000000082600000, 0x0000000087a00000, 0x00000000d6200000)
  object space 86016K, 37% used [0x0000000082600000,0x00000000845a7630,0x0000000087a00000)
 Metaspace       used 7342K, capacity 7443K, committed 7680K, reserved 1056768K
  class space    used 690K, capacity 720K, committed 768K, reserved 1048576K
Event: 193.736 GC heap after
Heap after GC invocations=176 (full 0):
 PSYoungGen      total 24576K, used 384K [0x00000000d6200000, 0x00000000d7b00000, 0x0000000100000000)
  eden space 24064K, 0% used [0x00000000d6200000,0x00000000d6200000,0x00000000d7980000)
  from space 512K, 75% used [0x00000000d7a80000,0x00000000d7ae0000,0x00000000d7b00000)
  to   space 512K, 0% used [0x00000000d7a00000,0x00000000d7a00000,0x00000000d7a80000)
 ParOldGen       total 86016K, used 32573K [0x0000000082600000, 0x0000000087a00000, 0x00000000d6200000)
  object space 86016K, 37% used [0x0000000082600000,0x00000000845cf630,0x0000000087a00000)
 Metaspace       used 7342K, capacity 7443K, committed 7680K, reserved 1056768K
  class space    used 690K, capacity 720K, committed 768K, reserved 1048576K
}
Event: 194.545 GC heap before
{Heap before GC invocations=177 (full 0):
 PSYoungGen      total 24576K, used 24448K [0x00000000d6200000, 0x00000000d7b00000, 0x0000000100000000)
  eden space 24064K, 100% used [0x00000000d6200000,0x00000000d7980000,0x00000000d7980000)
  from space 512K, 75% used [0x00000000d7a80000,0x00000000d7ae0000,0x00000000d7b00000)
  to   space 512K, 0% used [0x00000000d7a00000,0x00000000d7a00000,0x00000000d7a80000)
 ParOldGen       total 86016K, used 32573K [0x0000000082600000, 0x0000000087a00000, 0x00000000d6200000)
  object space 86016K, 37% used [0x0000000082600000,0x00000000845cf630,0x0000000087a00000)
 Metaspace       used 7342K, capacity 7443K, committed 7680K, reserved 1056768K
  class space    used 690K, capacity 720K, committed 768K, reserved 1048576K
Event: 194.546 GC heap after
Heap after GC invocations=177 (full 0):
 PSYoungGen      total 24576K, used 384K [0x00000000d6200000, 0x00000000d7b00000, 0x0000000100000000)
  eden space 24064K, 0% used [0x00000000d6200000,0x00000000d6200000,0x00000000d7980000)
  from space 512K, 75% used [0x00000000d7a00000,0x00000000d7a60000,0x00000000d7a80000)
  to   space 512K, 0% used [0x00000000d7a80000,0x00000000d7a80000,0x00000000d7b00000)
 ParOldGen       total 86016K, used 32741K [0x0000000082600000, 0x0000000087a00000, 0x00000000d6200000)
  object space 86016K, 38% used [0x0000000082600000,0x00000000845f9630,0x0000000087a00000)
 Metaspace       used 7342K, capacity 7443K, committed 7680K, reserved 1056768K
  class space    used 690K, capacity 720K, committed 768K, reserved 1048576K
}
Event: 195.553 GC heap before
{Heap before GC invocations=178 (full 0):
 PSYoungGen      total 24576K, used 24448K [0x00000000d6200000, 0x00000000d7b00000, 0x0000000100000000)
  eden space 24064K, 100% used [0x00000000d6200000,0x00000000d7980000,0x00000000d7980000)
  from space 512K, 75% used [0x00000000d7a00000,0x00000000d7a60000,0x00000000d7a80000)
  to   space 512K, 0% used [0x00000000d7a80000,0x00000000d7a80000,0x00000000d7b00000)
 ParOldGen       total 86016K, used 32741K [0x0000000082600000, 0x0000000087a00000, 0x00000000d6200000)
  object space 86016K, 38% used [0x0000000082600000,0x00000000845f9630,0x0000000087a00000)
 Metaspace       used 7342K, capacity 7443K, committed 7680K, reserved 1056768K
  class space    used 690K, capacity 720K, committed 768K, reserved 1048576K
Event: 195.556 GC heap after
Heap after GC invocations=178 (full 0):
 PSYoungGen      total 24576K, used 416K [0x00000000d6200000, 0x00000000d7b00000, 0x0000000100000000)
  eden space 24064K, 0% used [0x00000000d6200000,0x00000000d6200000,0x00000000d7980000)
  from space 512K, 81% used [0x00000000d7a80000,0x00000000d7ae8000,0x00000000d7b00000)
  to   space 512K, 0% used [0x00000000d7a00000,0x00000000d7a00000,0x00000000d7a80000)
 ParOldGen       total 86016K, used 32901K [0x0000000082600000, 0x0000000087a00000, 0x00000000d6200000)
  object space 86016K, 38% used [0x0000000082600000,0x0000000084621630,0x0000000087a00000)
 Metaspace       used 7342K, capacity 7443K, committed 7680K, reserved 1056768K
  class space    used 690K, capacity 720K, committed 768K, reserved 1048576K
}
Event: 196.647 GC heap before
{Heap before GC invocations=179 (full 0):
 PSYoungGen      total 24576K, used 24480K [0x00000000d6200000, 0x00000000d7b00000, 0x0000000100000000)
  eden space 24064K, 100% used [0x00000000d6200000,0x00000000d7980000,0x00000000d7980000)
  from space 512K, 81% used [0x00000000d7a80000,0x00000000d7ae8000,0x00000000d7b00000)
  to   space 512K, 0% used [0x00000000d7a00000,0x00000000d7a00000,0x00000000d7a80000)
 ParOldGen       total 86016K, used 32901K [0x0000000082600000, 0x0000000087a00000, 0x00000000d6200000)
  object space 86016K, 38% used [0x0000000082600000,0x0000000084621630,0x0000000087a00000)
 Metaspace       used 7342K, capacity 7443K, committed 7680K, reserved 1056768K
  class space    used 690K, capacity 720K, committed 768K, reserved 1048576K
Event: 196.652 GC heap after
Heap after GC invocations=179 (full 0):
 PSYoungGen      total 24576K, used 480K [0x00000000d6200000, 0x00000000d7b00000, 0x0000000100000000)
  eden space 24064K, 0% used [0x00000000d6200000,0x00000000d6200000,0x00000000d7980000)
  from space 512K, 93% used [0x00000000d7a00000,0x00000000d7a78000,0x00000000d7a80000)
  to   space 512K, 0% used [0x00000000d7a80000,0x00000000d7a80000,0x00000000d7b00000)
 ParOldGen       total 86016K, used 33061K [0x0000000082600000, 0x0000000087a00000, 0x00000000d6200000)
  object space 86016K, 38% used [0x0000000082600000,0x0000000084649630,0x0000000087a00000)
 Metaspace       used 7342K, capacity 7443K, committed 7680K, reserved 1056768K
  class space    used 690K, capacity 720K, committed 768K, reserved 1048576K
}

