# JRE version: Java(TM) SE Runtime Environment (8.0_201-b09) (build 1.8.0_201-b09)
# Java VM: Java HotSpot(TM) 64-Bit Server VM (25.201-b09 mixed mode windows-amd64 compressed oops)
Heap:
 PSYoungGen      total 24576K, used 2455K [0x00000000d6200000, 0x00000000d7b00000, 0x0000000100000000)
  eden space 24064K, 8% used [0x00000000d6200000,0x00000000d63fdfd0,0x00000000d7980000)
  from space 512K, 81% used [0x00000000d7a00000,0x00000000d7a68000,0x00000000d7a80000)
  to   space 512K, 0% used [0x00000000d7a80000,0x00000000d7a80000,0x00000000d7b00000)
 ParOldGen       total 86016K, used 35301K [0x0000000082600000, 0x0000000087a00000, 0x00000000d6200000)
  object space 86016K, 41% used [0x0000000082600000,0x0000000084879680,0x0000000087a00000)
 Metaspace       used 7353K, capacity 7443K, committed 7680K, reserved 1056768K
  class space    used 691K, capacity 720K, committed 768K, reserved 1048576K
GC Heap History (10 events):
Event: 145.240 GC heap before
{Heap before GC invocations=193 (full 0):
 PSYoungGen      total 24576K, used 24480K [0x00000000d6200000, 0x00000000d7b00000, 0x0000000100000000)
  eden space 24064K, 100% used [0x00000000d6200000,0x00000000d7980000,0x00000000d7980000)
  from space 512K, 81% used [0x00000000d7a80000,0x00000000d7ae8000,0x00000000d7b00000)
  to   space 512K, 0% used [0x00000000d7a00000,0x00000000d7a00000,0x00000000d7a80000)
 ParOldGen       total 86016K, used 34477K [0x0000000082600000, 0x0000000087a00000, 0x00000000d6200000)
  object space 86016K, 40% used [0x0000000082600000,0x00000000847ab680,0x0000000087a00000)
 Metaspace       used 7353K, capacity 7443K, committed 7680K, reserved 1056768K
  class space    used 691K, capacity 720K, committed 768K, reserved 1048576K
Event: 145.242 GC heap after
Heap after GC invocations=193 (full 0):
 PSYoungGen      total 24576K, used 384K [0x00000000d6200000, 0x00000000d7b00000, 0x0000000100000000)
  eden space 24064K, 0% used [0x00000000d6200000,0x00000000d6200000,0x00000000d7980000)
  from space 512K, 75% used [0x00000000d7a00000,0x00000000d7a60000,0x00000000d7a80000)
  to   space 512K, 0% used [0x00000000d7a80000,0x00000000d7a80000,0x00000000d7b00000)
 ParOldGen       total 86016K, used 34637K [0x0000000082600000, 0x0000000087a00000, 0x00000000d6200000)
  object space 86016K, 40% used [0x0000000082600000,0x00000000847d3680,0x0000000087a00000)
 Metaspace       used 7353K, capacity 7443K, committed 7680K, reserved 1056768K
  class space    used 691K, capacity 720K, committed 768K, reserved 1048576K
}
Event: 146.008 GC heap before
{Heap before GC invocations=194 (full 0):
 PSYoungGen      total 24576K, used 24448K [0x00000000d6200000, 0x00000000d7b00000, 0x0000000100000000)
  eden space 24064K, 100% used [0x00000000d6200000,0x00000000d7980000,0x00000000d7980000)
  from space 512K, 75% used [0x00000000d7a00000,0x00000000d7a60000,0x00000000d7a80000)
  to   space 512K, 0% used [0x00000000d7a80000,0x00000000d7a80000,0x00000000d7b00000)
 ParOldGen       total 86016K, used 34637K [0x0000000082600000, 0x0000000087a00000, 0x00000000d6200000)
  object space 86016K, 40% used [0x0000000082600000,0x00000000847d3680,0x0000000087a00000)
 Metaspace       used 7353K, capacity 7443K, committed 7680K, reserved 1056768K
  class space    used 691K, capacity 720K, committed 768K, reserved 1048576K
Event: 146.009 GC heap after
Heap after GC invocations=194 (full 0):
 PSYoungGen      total 24576K, used 416K [0x00000000d6200000, 0x00000000d7b00000, 0x0000000100000000)
  eden space 24064K, 0% used [0x00000000d6200000,0x00000000d6200000,0x00000000d7980000)
  from space 512K, 81% used [0x00000000d7a80000,0x00000000d7ae8000,0x00000000d7b00000)
  to   space 512K, 0% used [0x00000000d7a00000,0x00000000d7a00000,0x00000000d7a80000)
 ParOldGen       total 86016K, used 34797K [0x0000000082600000, 0x0000000087a00000, 0x00000000d6200000)
  object space 86016K, 40% used [0x0000000082600000,0x00000000847fb680,0x0000000087a00000)
 Metaspace       used 7353K, capacity 7443K, committed 7680K, reserved 1056768K
  class space    used 691K, capacity 720K, committed 768K, reserved 1048576K
}
Event: 146.729 GC heap before
{Heap before GC invocations=195 (full 0):
 PSYoungGen      total 24576K, used 24480K [0x00000000d6200000, 0x00000000d7b00000, 0x0000000100000000)
  eden space 24064K, 100% used [0x00000000d6200000,0x00000000d7980000,0x00000000d7980000)
  from space 512K, 81% used [0x00000000d7a80000,0x00000000d7ae8000,0x00000000d7b00000)
  to   space 512K, 0% used [0x00000000d7a00000,0x00000000d7a00000,0x00000000d7a80000)
 ParOldGen       total 86016K, used 34797K [0x0000000082600000, 0x0000000087a00000, 0x00000000d6200000)
  object space 86016K, 40% used [0x0000000082600000,0x00000000847fb680,0x0000000087a00000)
 Metaspace       used 7353K, capacity 7443K, committed 7680K, reserved 1056768K
  class space    used 691K, capacity 720K, committed 768K, reserved 1048576K
Event: 146.731 GC heap after
Heap after GC invocations=195 (full 0):
 PSYoungGen      total 24576K, used 384K [0x00000000d6200000, 0x00000000d7b00000, 0x0000000100000000)
  eden space 24064K, 0% used [0x00000000d6200000,0x00000000d6200000,0x00000000d7980000)
  from space 512K, 75% used [0x00000000d7a00000,0x00000000d7a60000,0x00000000d7a80000)
  to   space 512K, 0% used [0x00000000d7a80000,0x00000000d7a80000,0x00000000d7b00000)
 ParOldGen       total 86016K, used 34981K [0x0000000082600000, 0x0000000087a00000, 0x00000000d6200000)
  object space 86016K, 40% used [0x0000000082600000,0x0000000084829680,0x0000000087a00000)
 Metaspace       used 7353K, capacity 7443K, committed 7680K, reserved 1056768K
  class space    used 691K, capacity 720K, committed 768K, reserved 1048576K
}
Event: 147.447 GC heap before
{Heap before GC invocations=196 (full 0):
 PSYoungGen      total 24576K, used 24448K [0x00000000d6200000, 0x00000000d7b00000, 0x0000000100000000)
  eden space 24064K, 100% used [0x00000000d6200000,0x00000000d7980000,0x00000000d7980000)
  from space 512K, 75% used [0x00000000d7a00000,0x00000000d7a60000,0x00000000d7a80000)
  to   space 512K, 0% used [0x00000000d7a80000,0x00000000d7a80000,0x00000000d7b00000)
 ParOldGen       total 86016K, used 34981K [0x0000000082600000, 0x0000000087a00000, 0x00000000d6200000)
  object space 86016K, 40% used [0x0000000082600000,0x0000000084829680,0x0000000087a00000)
 Metaspace       used 7353K, capacity 7443K, committed 7680K, reserved 1056768K
  class space    used 691K, capacity 720K, committed 768K, reserved 1048576K
Event: 147.448 GC heap after
Heap after GC invocations=196 (full 0):
 PSYoungGen      total 24576K, used 384K [0x00000000d6200000, 0x00000000d7b00000, 0x0000000100000000)
  eden space 24064K, 0% used [0x00000000d6200000,0x00000000d6200000,0x00000000d7980000)
  from space 512K, 75% used [0x00000000d7a80000,0x00000000d7ae0000,0x00000000d7b00000)
  to   space 512K, 0% used [0x00000000d7a00000,0x00000000d7a00000,0x00000000d7a80000)
 ParOldGen       total 86016K, used 35149K [0x0000000082600000, 0x0000000087a00000, 0x00000000d6200000)
  object space 86016K, 40% used [0x0000000082600000,0x0000000084853680,0x0000000087a00000)
 Metaspace       used 7353K, capacity 7443K, committed 7680K, reserved 1056768K
  class space    used 691K, capacity 720K, committed 768K, reserved 1048576K
}
Event: 148.213 GC heap before
{Heap before GC invocations=197 (full 0):
 PSYoungGen      total 24576K, used 24448K [0x00000000d6200000, 0x00000000d7b00000, 0x0000000100000000)
  eden space 24064K, 100% used [0x00000000d6200000,0x00000000d7980000,0x00000000d7980000)
  from space 512K, 75% used [0x00000000d7a80000,0x00000000d7ae0000,0x00000000d7b00000)
  to   space 512K, 0% used [0x00000000d7a00000,0x00000000d7a00000,0x00000000d7a80000)
 ParOldGen       total 86016K, used 35149K [0x0000000082600000, 0x0000000087a00000, 0x00000000d6200000)
  object space 86016K, 40% used [0x0000000082600000,0x0000000084853680,0x0000000087a00000)
 Metaspace       used 7353K, capacity 7443K, committed 7680K, reserved 1056768K
  class space    used 691K, capacity 720K, committed 768K, reserved 1048576K
Event: 148.214 GC heap after
Heap after GC invocations=197 (full 0):
 PSYoungGen      total 24576K, used 416K [0x00000000d6200000, 0x00000000d7b00000, 0x0000000100000000)
  eden space 24064K, 0% used [0x00000000d6200000,0x00000000d6200000,0x00000000d7980000)
  from space 512K, 81% used [0x00000000d7a00000,0x00000000d7a68000,0x00000000d7a80000)
  to   space 512K, 0% used [0x00000000d7a80000,0x00000000d7a80000,0x00000000d7b00000)
 ParOldGen       total 86016K, used 35301K [0x0000000082600000, 0x0000000087a00000, 0x00000000d6200000)
  object space 86016K, 41% used [0x0000000082600000,0x0000000084879680,0x0000000087a00000)
 Metaspace       used 7353K, capacity 7443K, committed 7680K, reserved 1056768K
  class space    used 691K, capacity 720K, committed 768K, reserved 1048576K
}

